<?xml version="1.0" encoding="UTF-8"?>
<!-- Generated by org.testng.reporters.JUnitXMLReporter -->
<testsuite ignored="0" hostname="DESKTOP-MPS3MDV" failures="1" tests="8" name="Command line test" time="134.461" errors="0" timestamp="2024-10-17T01:21:27 CEST">
  <testcase classname="tests.a_sauceLabApk.PageAccessTests" name="webviewPageAccessTest" time="5.99"/>
  <testcase classname="tests.a_sauceLabApk.PageAccessTests" name="qrCodeScannerPageAccessTest" time="5.396"/>
  <testcase classname="tests.a_sauceLabApk.PageAccessTests" name="geoLocationPageAccessTest" time="4.419"/>
  <testcase classname="tests.a_sauceLabApk.PageAccessTests" name="drawingPageAccessTest" time="3.485"/>
  <testcase classname="tests.a_sauceLabApk.PageAccessTests" name="aboutPageAccessTest" time="4.252"/>
  <testcase classname="tests.a_sauceLabApk.PageAccessTests" name="fingerPrintPageAccessTest" time="2.923">
    <failure type="java.lang.AssertionError" message="expected [Finger Print] but found [FingerPrint]">
      <![CDATA[java.lang.AssertionError: expected [Finger Print] but found [FingerPrint]
at tests.a_sauceLabApk.PageAccessTests.fingerPrintPageAccessTest(PageAccessTests.java:122)
at java.base/java.util.ArrayList.forEach(ArrayList.java:1597)
at tests.TestRunner.main(TestRunner.java:17)
... Removed 28 stack frames]]>
    </failure>
  </testcase> <!-- fingerPrintPageAccessTest -->
  <testcase classname="tests.a_sauceLabApk.PageAccessTests" name="apiCallsPageAccessTest" time="4.383"/>
  <testcase classname="tests.a_sauceLabApk.PageAccessTests" name="sauceBotVideoPageAccessTest" time="5.182"/>
</testsuite> <!-- Command line test -->
